<?xml version="1.0" encoding="UTF-8"?>
<!-- Generated by org.testng.reporters.JUnitXMLReporter -->
<testsuite ignored="2" hostname="LAPTOP-VLQU1N8M" failures="1" tests="6" name="Test" time="179.292" errors="0" timestamp="2021-01-05T11:23:05 EET">
  <testcase classname="yourLogo.TestCases.userLoginTest" name="LoginTest" time="9.102"/>
  <testcase classname="yourLogo.TestCases.userRegistrationTest" name="UserRegistration" time="11.94">
    <failure type="java.lang.AssertionError" message="expected [My account - My Store] but found [Login - My Store]">
      <![CDATA[java.lang.AssertionError: expected [My account - My Store] but found [Login - My Store]
at yourLogo.TestCases.userRegistrationTest.UserRegistration(userRegistrationTest.java:42)
at java.base/java.util.ArrayList.forEach(ArrayList.java:1511)
... Removed 33 stack frames]]>
    </failure>
  </testcase> <!-- UserRegistration -->
  <testcase classname="yourLogo.TestCases.userWishListTest" name="verifyWishList" time="3.946"/>
  <testcase classname="yourLogo.TestCases.BuyProductTest" name="verifyBuyProduct" time="31.079"/>
  <testcase classname="yourLogo.TestCases.VerifySearchProductTest" name="verifySearchProductByName" time="4.233"/>
  <testcase classname="yourLogo.TestCases.verifyTotalPriceTest" name="verifyTotalPrice" time="26.187"/>
  <testcase classname="yourLogo.TestCases.userRegistrationTest" name="MandatoryFieldValidation" time="0.0">
    <ignored/>
  </testcase> <!-- MandatoryFieldValidation -->
  <testcase classname="yourLogo.TestCases.userRegistrationTest" name="InvalidEmailTest" time="0.0">
    <ignored/>
  </testcase> <!-- InvalidEmailTest -->
</testsuite> <!-- Test -->
